<?xml version="1.0" encoding="UTF-8"?>
<!-- Generated by org.testng.reporters.JUnitXMLReporter -->
<testsuite hostname="DESKTOP-1VQ11OL" ignored="0" name="Default test" tests="3" failures="0" timestamp="2022-10-14T23:33:07 CDT" time="44.68" errors="0">
  <testcase name="userShouldBeAbleToAddCategory" time="5.032" classname="test.AddCategoryTest"/>
  <testcase name="userShouldNotBeAbleToAddDuplicate" time="0.431" classname="test.AddCategoryTest"/>
  <testcase name="dropDownShouldHaveAllMonths" time="0.165" classname="test.AddCategoryTest"/>
</testsuite> <!-- Default test -->
