<?xml version="1.0" encoding="UTF-8"?>
<!-- Generated by org.testng.reporters.JUnitXMLReporter -->
<testsuite ignored="0" hostname="DESKTOP-OJACDSE" failures="0" tests="3" name="Command line test" time="46.307" errors="0" timestamp="15 Oct 2022 16:40:09 GMT">
  <testcase classname="test.AddCategoryTest" name="userShouldBeAbleToAddCategory" time="8.63"/>
  <testcase classname="test.AddCategoryTest" name="userShouldNotBeAbleToAddDuplicate" time="0.528"/>
  <testcase classname="test.AddCategoryTest" name="dropDownShouldHaveAllMonths" time="0.157"/>
</testsuite> <!-- Command line test -->
