<?xml version="1.0" encoding="UTF-8"?>
<testng-results ignored="0" total="3" passed="3" failed="0" skipped="0">
  <reporter-output>
  </reporter-output>
  <suite started-at="2022-10-15T16:39:22Z" name="test.AddCategoryTest" finished-at="2022-10-15T16:40:09Z" duration-ms="46307">
    <groups>
    </groups>
    <test started-at="2022-10-15T16:39:22Z" name="Command line test" finished-at="2022-10-15T16:40:09Z" duration-ms="46307">
      <class name="test.AddCategoryTest">
        <test-method is-config="true" signature="runEverything()[pri:0, instance:test.AddCategoryTest@ef9296d]" started-at="2022-10-15T16:39:22Z" name="runEverything" finished-at="2022-10-15T16:39:24Z" duration-ms="1910" status="PASS">
          <reporter-output>
          </reporter-output>
        </test-method> <!-- runEverything -->
        <test-method signature="userShouldBeAbleToAddCategory()[pri:1, instance:test.AddCategoryTest@ef9296d]" started-at="2022-10-15T16:39:24Z" name="userShouldBeAbleToAddCategory" finished-at="2022-10-15T16:39:33Z" duration-ms="8630" status="PASS">
          <reporter-output>
          </reporter-output>
        </test-method> <!-- userShouldBeAbleToAddCategory -->
        <test-method is-config="true" signature="tearDown()[pri:0, instance:test.AddCategoryTest@ef9296d]" started-at="2022-10-15T16:39:33Z" name="tearDown" finished-at="2022-10-15T16:39:49Z" duration-ms="16291" status="PASS">
          <reporter-output>
          </reporter-output>
        </test-method> <!-- tearDown -->
        <test-method is-config="true" signature="runEverything()[pri:0, instance:test.AddCategoryTest@ef9296d]" started-at="2022-10-15T16:39:49Z" name="runEverything" finished-at="2022-10-15T16:39:50Z" duration-ms="1198" status="PASS">
          <reporter-output>
          </reporter-output>
        </test-method> <!-- runEverything -->
        <test-method signature="userShouldNotBeAbleToAddDuplicate()[pri:2, instance:test.AddCategoryTest@ef9296d]" started-at="2022-10-15T16:39:50Z" name="userShouldNotBeAbleToAddDuplicate" finished-at="2022-10-15T16:39:51Z" duration-ms="528" status="PASS">
          <reporter-output>
          </reporter-output>
        </test-method> <!-- userShouldNotBeAbleToAddDuplicate -->
        <test-method is-config="true" signature="tearDown()[pri:0, instance:test.AddCategoryTest@ef9296d]" started-at="2022-10-15T16:39:51Z" name="tearDown" finished-at="2022-10-15T16:39:51Z" duration-ms="146" status="PASS">
          <reporter-output>
          </reporter-output>
        </test-method> <!-- tearDown -->
        <test-method is-config="true" signature="runEverything()[pri:0, instance:test.AddCategoryTest@ef9296d]" started-at="2022-10-15T16:39:51Z" name="runEverything" finished-at="2022-10-15T16:39:52Z" duration-ms="1101" status="PASS">
          <reporter-output>
          </reporter-output>
        </test-method> <!-- runEverything -->
        <test-method signature="dropDownShouldHaveAllMonths()[pri:3, instance:test.AddCategoryTest@ef9296d]" started-at="2022-10-15T16:39:52Z" name="dropDownShouldHaveAllMonths" finished-at="2022-10-15T16:39:52Z" duration-ms="157" status="PASS">
          <reporter-output>
          </reporter-output>
        </test-method> <!-- dropDownShouldHaveAllMonths -->
        <test-method is-config="true" signature="tearDown()[pri:0, instance:test.AddCategoryTest@ef9296d]" started-at="2022-10-15T16:39:52Z" name="tearDown" finished-at="2022-10-15T16:40:09Z" duration-ms="16323" status="PASS">
          <reporter-output>
          </reporter-output>
        </test-method> <!-- tearDown -->
      </class> <!-- test.AddCategoryTest -->
    </test> <!-- Command line test -->
  </suite> <!-- test.AddCategoryTest -->
</testng-results>
