<?xml version="1.0" encoding="UTF-8"?>
<testng-results skipped="0" failed="1" ignored="0" total="3" passed="2">
  <reporter-output>
  </reporter-output>
  <suite name="Default suite" duration-ms="61273" started-at="2022-10-16T11:00:49 MDT" finished-at="2022-10-16T11:01:50 MDT">
    <groups>
    </groups>
    <test name="Default test" duration-ms="61273" started-at="2022-10-16T11:00:49 MDT" finished-at="2022-10-16T11:01:50 MDT">
      <class name="test.AddCategoryTest">
        <test-method status="PASS" signature="runEverything()[pri:0, instance:test.AddCategoryTest@704a52ec]" name="runEverything" is-config="true" duration-ms="2254" started-at="2022-10-16T11:00:49 MDT" finished-at="2022-10-16T11:00:51 MDT">
          <reporter-output>
          </reporter-output>
        </test-method> <!-- runEverything -->
        <test-method status="PASS" signature="userShouldBeAbleToAddCategory()[pri:1, instance:test.AddCategoryTest@704a52ec]" name="userShouldBeAbleToAddCategory" duration-ms="10655" started-at="2022-10-16T11:00:51 MDT" finished-at="2022-10-16T11:01:02 MDT">
          <reporter-output>
          </reporter-output>
        </test-method> <!-- userShouldBeAbleToAddCategory -->
        <test-method status="PASS" signature="tearDown()[pri:0, instance:test.AddCategoryTest@704a52ec]" name="tearDown" is-config="true" duration-ms="16862" started-at="2022-10-16T11:01:02 MDT" finished-at="2022-10-16T11:01:19 MDT">
          <reporter-output>
          </reporter-output>
        </test-method> <!-- tearDown -->
        <test-method status="PASS" signature="runEverything()[pri:0, instance:test.AddCategoryTest@704a52ec]" name="runEverything" is-config="true" duration-ms="1694" started-at="2022-10-16T11:01:19 MDT" finished-at="2022-10-16T11:01:21 MDT">
          <reporter-output>
          </reporter-output>
        </test-method> <!-- runEverything -->
        <test-method status="FAIL" signature="userShouldNotBeAbleToAddDuplicate()[pri:2, instance:test.AddCategoryTest@704a52ec]" name="userShouldNotBeAbleToAddDuplicate" duration-ms="10320" started-at="2022-10-16T11:01:21 MDT" finished-at="2022-10-16T11:01:31 MDT">
          <exception class="org.openqa.selenium.NoSuchElementException">
            <message>
              <![CDATA[no such element: Unable to locate element: {"method":"css selector","selector":"*[name='categorydata']"}
  (Session info: chrome=106.0.5249.91)
For documentation on this error, please visit: https://www.seleniumhq.org/exceptions/no_such_element.html
Build info: version: '3.141.59', revision: 'e82be7d358', time: '2018-11-14T08:17:03'
System info: host: 'DESKTOP-OJACDSE', ip: '10.0.0.217', os.name: 'Windows 11', os.arch: 'amd64', os.version: '10.0', java.version: '1.8.0_331'
Driver info: org.openqa.selenium.chrome.ChromeDriver
Capabilities {acceptInsecureCerts: false, browserName: chrome, browserVersion: 106.0.5249.91, chrome: {chromedriverVersion: 106.0.5249.61 (511755355844..., userDataDir: C:\Users\salma\AppData\Loca...}, goog:chromeOptions: {debuggerAddress: localhost:62119}, javascriptEnabled: true, networkConnectionEnabled: false, pageLoadStrategy: normal, platform: WINDOWS, platformName: WINDOWS, proxy: Proxy(), setWindowRect: true, strictFileInteractability: false, timeouts: {implicit: 0, pageLoad: 300000, script: 30000}, unhandledPromptBehavior: dismiss and notify, webauthn:extension:credBlob: true, webauthn:extension:largeBlob: true, webauthn:virtualAuthenticators: true}
Session ID: a78be679fd6b3c16aad3e8997477e395
*** Element info: {Using=name, value=categorydata}]]>
            </message>
            <full-stacktrace>
              <![CDATA[org.openqa.selenium.NoSuchElementException: no such element: Unable to locate element: {"method":"css selector","selector":"*[name='categorydata']"}
  (Session info: chrome=106.0.5249.91)
For documentation on this error, please visit: https://www.seleniumhq.org/exceptions/no_such_element.html
Build info: version: '3.141.59', revision: 'e82be7d358', time: '2018-11-14T08:17:03'
System info: host: 'DESKTOP-OJACDSE', ip: '10.0.0.217', os.name: 'Windows 11', os.arch: 'amd64', os.version: '10.0', java.version: '1.8.0_331'
Driver info: org.openqa.selenium.chrome.ChromeDriver
Capabilities {acceptInsecureCerts: false, browserName: chrome, browserVersion: 106.0.5249.91, chrome: {chromedriverVersion: 106.0.5249.61 (511755355844..., userDataDir: C:\Users\salma\AppData\Loca...}, goog:chromeOptions: {debuggerAddress: localhost:62119}, javascriptEnabled: true, networkConnectionEnabled: false, pageLoadStrategy: normal, platform: WINDOWS, platformName: WINDOWS, proxy: Proxy(), setWindowRect: true, strictFileInteractability: false, timeouts: {implicit: 0, pageLoad: 300000, script: 30000}, unhandledPromptBehavior: dismiss and notify, webauthn:extension:credBlob: true, webauthn:extension:largeBlob: true, webauthn:virtualAuthenticators: true}
Session ID: a78be679fd6b3c16aad3e8997477e395
*** Element info: {Using=name, value=categorydata}
at sun.reflect.NativeConstructorAccessorImpl.newInstance0(Native Method)
at sun.reflect.NativeConstructorAccessorImpl.newInstance(NativeConstructorAccessorImpl.java:62)
at sun.reflect.DelegatingConstructorAccessorImpl.newInstance(DelegatingConstructorAccessorImpl.java:45)
at java.lang.reflect.Constructor.newInstance(Constructor.java:423)
at org.openqa.selenium.remote.http.W3CHttpResponseCodec.createException(W3CHttpResponseCodec.java:187)
at org.openqa.selenium.remote.http.W3CHttpResponseCodec.decode(W3CHttpResponseCodec.java:122)
at org.openqa.selenium.remote.http.W3CHttpResponseCodec.decode(W3CHttpResponseCodec.java:49)
at org.openqa.selenium.remote.HttpCommandExecutor.execute(HttpCommandExecutor.java:158)
at org.openqa.selenium.remote.service.DriverCommandExecutor.execute(DriverCommandExecutor.java:83)
at org.openqa.selenium.remote.RemoteWebDriver.execute(RemoteWebDriver.java:552)
at org.openqa.selenium.remote.RemoteWebDriver.findElement(RemoteWebDriver.java:323)
at org.openqa.selenium.remote.RemoteWebDriver.findElementByName(RemoteWebDriver.java:404)
at org.openqa.selenium.By$ByName.findElement(By.java:284)
at org.openqa.selenium.remote.RemoteWebDriver.findElement(RemoteWebDriver.java:315)
at org.openqa.selenium.support.pagefactory.DefaultElementLocator.findElement(DefaultElementLocator.java:69)
at org.openqa.selenium.support.pagefactory.internal.LocatingElementHandler.invoke(LocatingElementHandler.java:38)
at com.sun.proxy.$Proxy9.sendKeys(Unknown Source)
at page.ListPage.addCategory(ListPage.java:46)
at test.AddCategoryTest.userShouldNotBeAbleToAddDuplicate(AddCategoryTest.java:43)
at sun.reflect.NativeMethodAccessorImpl.invoke0(Native Method)
at sun.reflect.NativeMethodAccessorImpl.invoke(NativeMethodAccessorImpl.java:62)
at sun.reflect.DelegatingMethodAccessorImpl.invoke(DelegatingMethodAccessorImpl.java:43)
at java.lang.reflect.Method.invoke(Method.java:498)
at org.testng.internal.MethodInvocationHelper.invokeMethod(MethodInvocationHelper.java:133)
at org.testng.internal.TestInvoker.invokeMethod(TestInvoker.java:598)
at org.testng.internal.TestInvoker.invokeTestMethod(TestInvoker.java:173)
at org.testng.internal.MethodRunner.runInSequence(MethodRunner.java:46)
at org.testng.internal.TestInvoker$MethodInvocationAgent.invoke(TestInvoker.java:824)
at org.testng.internal.TestInvoker.invokeTestMethods(TestInvoker.java:146)
at org.testng.internal.TestMethodWorker.invokeTestMethods(TestMethodWorker.java:146)
at org.testng.internal.TestMethodWorker.run(TestMethodWorker.java:128)
at java.util.ArrayList.forEach(ArrayList.java:1259)
at org.testng.TestRunner.privateRun(TestRunner.java:794)
at org.testng.TestRunner.run(TestRunner.java:596)
at org.testng.SuiteRunner.runTest(SuiteRunner.java:377)
at org.testng.SuiteRunner.runSequentially(SuiteRunner.java:371)
at org.testng.SuiteRunner.privateRun(SuiteRunner.java:332)
at org.testng.SuiteRunner.run(SuiteRunner.java:276)
at org.testng.SuiteRunnerWorker.runSuite(SuiteRunnerWorker.java:53)
at org.testng.SuiteRunnerWorker.run(SuiteRunnerWorker.java:96)
at org.testng.TestNG.runSuitesSequentially(TestNG.java:1212)
at org.testng.TestNG.runSuitesLocally(TestNG.java:1134)
at org.testng.TestNG.runSuites(TestNG.java:1063)
at org.testng.TestNG.run(TestNG.java:1031)
at org.testng.remote.AbstractRemoteTestNG.run(AbstractRemoteTestNG.java:115)
at org.testng.remote.RemoteTestNG.initAndRun(RemoteTestNG.java:251)
at org.testng.remote.RemoteTestNG.main(RemoteTestNG.java:77)
]]>
            </full-stacktrace>
          </exception> <!-- org.openqa.selenium.NoSuchElementException -->
          <reporter-output>
          </reporter-output>
        </test-method> <!-- userShouldNotBeAbleToAddDuplicate -->
        <test-method status="PASS" signature="tearDown()[pri:0, instance:test.AddCategoryTest@704a52ec]" name="tearDown" is-config="true" duration-ms="677" started-at="2022-10-16T11:01:31 MDT" finished-at="2022-10-16T11:01:32 MDT">
          <reporter-output>
          </reporter-output>
        </test-method> <!-- tearDown -->
        <test-method status="PASS" signature="runEverything()[pri:0, instance:test.AddCategoryTest@704a52ec]" name="runEverything" is-config="true" duration-ms="1744" started-at="2022-10-16T11:01:32 MDT" finished-at="2022-10-16T11:01:33 MDT">
          <reporter-output>
          </reporter-output>
        </test-method> <!-- runEverything -->
        <test-method status="PASS" signature="dropDownShouldHaveAllMonths()[pri:3, instance:test.AddCategoryTest@704a52ec]" name="dropDownShouldHaveAllMonths" duration-ms="222" started-at="2022-10-16T11:01:33 MDT" finished-at="2022-10-16T11:01:33 MDT">
          <reporter-output>
          </reporter-output>
        </test-method> <!-- dropDownShouldHaveAllMonths -->
        <test-method status="PASS" signature="tearDown()[pri:0, instance:test.AddCategoryTest@704a52ec]" name="tearDown" is-config="true" duration-ms="16818" started-at="2022-10-16T11:01:33 MDT" finished-at="2022-10-16T11:01:50 MDT">
          <reporter-output>
          </reporter-output>
        </test-method> <!-- tearDown -->
      </class> <!-- test.AddCategoryTest -->
    </test> <!-- Default test -->
  </suite> <!-- Default suite -->
</testng-results>
